# JRE version: OpenJDK Runtime Environment Temurin-17.0.6+10 (17.0.6+10) (build 17.0.6+10)
# Java VM: OpenJDK 64-Bit Server VM Temurin-17.0.6+10 (17.0.6+10, mixed mode, emulated-client, tiered, compressed oops, compressed class ptrs, g1 gc, windows-amd64)
GC Precious Log:
 CPUs: 12 total, 12 available
 Memory: 16239M
 Large Page Support: Disabled
 NUMA Support: Disabled
 Compressed Oops: Enabled (32-bit)
 Heap Region Size: 1M
 Heap Min Capacity: 8M
 Heap Initial Capacity: 254M
 Heap Max Capacity: 1G
 Pre-touch: Disabled
 Parallel Workers: 10
 Concurrent Workers: 3
 Concurrent Refinement Workers: 10
 Periodic GC: Disabled
Heap:
 garbage-first heap   total 48128K, used 14393K [0x00000000c0000000, 0x0000000100000000)
  region size 1024K, 1 young (1024K), 0 survivors (0K)
 Metaspace       used 34461K, committed 35008K, reserved 1081344K
  class space    used 4467K, committed 4672K, reserved 1048576K
GC Heap History (20 events):
Event: 645.772 GC heap before
{Heap before GC invocations=67 (full 59):
 garbage-first heap   total 48128K, used 14393K [0x00000000c0000000, 0x0000000100000000)
  region size 1024K, 1 young (1024K), 0 survivors (0K)
 Metaspace       used 34461K, committed 35008K, reserved 1081344K
  class space    used 4467K, committed 4672K, reserved 1048576K
}
Event: 645.782 GC heap after
{Heap after GC invocations=68 (full 60):
 garbage-first heap   total 48128K, used 14393K [0x00000000c0000000, 0x0000000100000000)
  region size 1024K, 0 young (0K), 0 survivors (0K)
 Metaspace       used 34461K, committed 35008K, reserved 1081344K
  class space    used 4467K, committed 4672K, reserved 1048576K
}
Event: 655.923 GC heap before
{Heap before GC invocations=68 (full 60):
 garbage-first heap   total 48128K, used 14393K [0x00000000c0000000, 0x0000000100000000)
  region size 1024K, 1 young (1024K), 0 survivors (0K)
 Metaspace       used 34461K, committed 35008K, reserved 1081344K
  class space    used 4467K, committed 4672K, reserved 1048576K
}
Event: 655.933 GC heap after
{Heap after GC invocations=69 (full 61):
 garbage-first heap   total 48128K, used 14393K [0x00000000c0000000, 0x0000000100000000)
  region size 1024K, 0 young (0K), 0 survivors (0K)
 Metaspace       used 34461K, committed 35008K, reserved 1081344K
  class space    used 4467K, committed 4672K, reserved 1048576K
}
Event: 666.044 GC heap before
{Heap before GC invocations=69 (full 61):
 garbage-first heap   total 48128K, used 14393K [0x00000000c0000000, 0x0000000100000000)
  region size 1024K, 1 young (1024K), 0 survivors (0K)
 Metaspace       used 34461K, committed 35008K, reserved 1081344K
  class space    used 4467K, committed 4672K, reserved 1048576K
}
Event: 666.055 GC heap after
{Heap after GC invocations=70 (full 62):
 garbage-first heap   total 48128K, used 14393K [0x00000000c0000000, 0x0000000100000000)
  region size 1024K, 0 young (0K), 0 survivors (0K)
 Metaspace       used 34461K, committed 35008K, reserved 1081344K
  class space    used 4467K, committed 4672K, reserved 1048576K
}
Event: 676.237 GC heap before
{Heap before GC invocations=70 (full 62):
 garbage-first heap   total 48128K, used 14393K [0x00000000c0000000, 0x0000000100000000)
  region size 1024K, 1 young (1024K), 0 survivors (0K)
 Metaspace       used 34461K, committed 35008K, reserved 1081344K
  class space    used 4467K, committed 4672K, reserved 1048576K
}
Event: 676.248 GC heap after
{Heap after GC invocations=71 (full 63):
 garbage-first heap   total 48128K, used 14393K [0x00000000c0000000, 0x0000000100000000)
  region size 1024K, 0 young (0K), 0 survivors (0K)
 Metaspace       used 34461K, committed 35008K, reserved 1081344K
  class space    used 4467K, committed 4672K, reserved 1048576K
}
Event: 686.407 GC heap before
{Heap before GC invocations=71 (full 63):
 garbage-first heap   total 48128K, used 14393K [0x00000000c0000000, 0x0000000100000000)
  region size 1024K, 1 young (1024K), 0 survivors (0K)
 Metaspace       used 34461K, committed 35008K, reserved 1081344K
  class space    used 4467K, committed 4672K, reserved 1048576K
}
Event: 686.420 GC heap after
{Heap after GC invocations=72 (full 64):
 garbage-first heap   total 48128K, used 14393K [0x00000000c0000000, 0x0000000100000000)
  region size 1024K, 0 young (0K), 0 survivors (0K)
 Metaspace       used 34461K, committed 35008K, reserved 1081344K
  class space    used 4467K, committed 4672K, reserved 1048576K
}
Event: 696.590 GC heap before
{Heap before GC invocations=72 (full 64):
 garbage-first heap   total 48128K, used 14393K [0x00000000c0000000, 0x0000000100000000)
  region size 1024K, 1 young (1024K), 0 survivors (0K)
 Metaspace       used 34461K, committed 35008K, reserved 1081344K
  class space    used 4467K, committed 4672K, reserved 1048576K
}
Event: 696.601 GC heap after
{Heap after GC invocations=73 (full 65):
 garbage-first heap   total 48128K, used 14393K [0x00000000c0000000, 0x0000000100000000)
  region size 1024K, 0 young (0K), 0 survivors (0K)
 Metaspace       used 34461K, committed 35008K, reserved 1081344K
  class space    used 4467K, committed 4672K, reserved 1048576K
}
Event: 706.762 GC heap before
{Heap before GC invocations=73 (full 65):
 garbage-first heap   total 48128K, used 14393K [0x00000000c0000000, 0x0000000100000000)
  region size 1024K, 1 young (1024K), 0 survivors (0K)
 Metaspace       used 34461K, committed 35008K, reserved 1081344K
  class space    used 4467K, committed 4672K, reserved 1048576K
}
Event: 706.774 GC heap after
{Heap after GC invocations=74 (full 66):
 garbage-first heap   total 48128K, used 14393K [0x00000000c0000000, 0x0000000100000000)
  region size 1024K, 0 young (0K), 0 survivors (0K)
 Metaspace       used 34461K, committed 35008K, reserved 1081344K
  class space    used 4467K, committed 4672K, reserved 1048576K
}
Event: 716.895 GC heap before
{Heap before GC invocations=74 (full 66):
 garbage-first heap   total 48128K, used 14393K [0x00000000c0000000, 0x0000000100000000)
  region size 1024K, 1 young (1024K), 0 survivors (0K)
 Metaspace       used 34461K, committed 35008K, reserved 1081344K
  class space    used 4467K, committed 4672K, reserved 1048576K
}
Event: 716.905 GC heap after
{Heap after GC invocations=75 (full 67):
 garbage-first heap   total 48128K, used 14393K [0x00000000c0000000, 0x0000000100000000)
  region size 1024K, 0 young (0K), 0 survivors (0K)
 Metaspace       used 34461K, committed 35008K, reserved 1081344K
  class space    used 4467K, committed 4672K, reserved 1048576K
}
Event: 727.052 GC heap before
{Heap before GC invocations=75 (full 67):
 garbage-first heap   total 48128K, used 14393K [0x00000000c0000000, 0x0000000100000000)
  region size 1024K, 1 young (1024K), 0 survivors (0K)
 Metaspace       used 34461K, committed 35008K, reserved 1081344K
  class space    used 4467K, committed 4672K, reserved 1048576K
}
Event: 727.064 GC heap after
{Heap after GC invocations=76 (full 68):
 garbage-first heap   total 48128K, used 14393K [0x00000000c0000000, 0x0000000100000000)
  region size 1024K, 0 young (0K), 0 survivors (0K)
 Metaspace       used 34461K, committed 35008K, reserved 1081344K
  class space    used 4467K, committed 4672K, reserved 1048576K
}
Event: 737.196 GC heap before
{Heap before GC invocations=76 (full 68):
 garbage-first heap   total 48128K, used 14393K [0x00000000c0000000, 0x0000000100000000)
  region size 1024K, 1 young (1024K), 0 survivors (0K)
 Metaspace       used 34461K, committed 35008K, reserved 1081344K
  class space    used 4467K, committed 4672K, reserved 1048576K
}
Event: 737.208 GC heap after
{Heap after GC invocations=77 (full 69):
 garbage-first heap   total 48128K, used 14393K [0x00000000c0000000, 0x0000000100000000)
  region size 1024K, 0 young (0K), 0 survivors (0K)
 Metaspace       used 34461K, committed 35008K, reserved 1081344K
  class space    used 4467K, committed 4672K, reserved 1048576K
}

