# JRE version: OpenJDK Runtime Environment Temurin-17.0.6+10 (17.0.6+10) (build 17.0.6+10)
# Java VM: OpenJDK 64-Bit Server VM Temurin-17.0.6+10 (17.0.6+10, mixed mode, emulated-client, tiered, compressed oops, compressed class ptrs, g1 gc, windows-amd64)
GC Precious Log:
 CPUs: 12 total, 12 available
 Memory: 16239M
 Large Page Support: Disabled
 NUMA Support: Disabled
 Compressed Oops: Enabled (32-bit)
 Heap Region Size: 1M
 Heap Min Capacity: 8M
 Heap Initial Capacity: 254M
 Heap Max Capacity: 1G
 Pre-touch: Disabled
 Parallel Workers: 10
 Concurrent Workers: 3
 Concurrent Refinement Workers: 10
 Periodic GC: Disabled
Heap:
 garbage-first heap   total 403456K, used 119169K [0x00000000c0000000, 0x0000000100000000)
  region size 1024K, 1 young (1024K), 0 survivors (0K)
 Metaspace       used 70803K, committed 71616K, reserved 1114112K
  class space    used 9629K, committed 9920K, reserved 1048576K
GC Heap History (20 events):
Event: 369975.524 GC heap before
{Heap before GC invocations=36486 (full 36443):
 garbage-first heap   total 403456K, used 119169K [0x00000000c0000000, 0x0000000100000000)
  region size 1024K, 1 young (1024K), 0 survivors (0K)
 Metaspace       used 70803K, committed 71616K, reserved 1114112K
  class space    used 9629K, committed 9920K, reserved 1048576K
}
Event: 369975.556 GC heap after
{Heap after GC invocations=36487 (full 36444):
 garbage-first heap   total 403456K, used 119169K [0x00000000c0000000, 0x0000000100000000)
  region size 1024K, 0 young (0K), 0 survivors (0K)
 Metaspace       used 70803K, committed 71616K, reserved 1114112K
  class space    used 9629K, committed 9920K, reserved 1048576K
}
Event: 369985.690 GC heap before
{Heap before GC invocations=36487 (full 36444):
 garbage-first heap   total 403456K, used 119169K [0x00000000c0000000, 0x0000000100000000)
  region size 1024K, 1 young (1024K), 0 survivors (0K)
 Metaspace       used 70803K, committed 71616K, reserved 1114112K
  class space    used 9629K, committed 9920K, reserved 1048576K
}
Event: 369985.720 GC heap after
{Heap after GC invocations=36488 (full 36445):
 garbage-first heap   total 403456K, used 119169K [0x00000000c0000000, 0x0000000100000000)
  region size 1024K, 0 young (0K), 0 survivors (0K)
 Metaspace       used 70803K, committed 71616K, reserved 1114112K
  class space    used 9629K, committed 9920K, reserved 1048576K
}
Event: 369995.836 GC heap before
{Heap before GC invocations=36488 (full 36445):
 garbage-first heap   total 403456K, used 119169K [0x00000000c0000000, 0x0000000100000000)
  region size 1024K, 1 young (1024K), 0 survivors (0K)
 Metaspace       used 70803K, committed 71616K, reserved 1114112K
  class space    used 9629K, committed 9920K, reserved 1048576K
}
Event: 369995.872 GC heap after
{Heap after GC invocations=36489 (full 36446):
 garbage-first heap   total 403456K, used 119169K [0x00000000c0000000, 0x0000000100000000)
  region size 1024K, 0 young (0K), 0 survivors (0K)
 Metaspace       used 70803K, committed 71616K, reserved 1114112K
  class space    used 9629K, committed 9920K, reserved 1048576K
}
Event: 370006.017 GC heap before
{Heap before GC invocations=36489 (full 36446):
 garbage-first heap   total 403456K, used 119169K [0x00000000c0000000, 0x0000000100000000)
  region size 1024K, 1 young (1024K), 0 survivors (0K)
 Metaspace       used 70803K, committed 71616K, reserved 1114112K
  class space    used 9629K, committed 9920K, reserved 1048576K
}
Event: 370006.052 GC heap after
{Heap after GC invocations=36490 (full 36447):
 garbage-first heap   total 403456K, used 119169K [0x00000000c0000000, 0x0000000100000000)
  region size 1024K, 0 young (0K), 0 survivors (0K)
 Metaspace       used 70803K, committed 71616K, reserved 1114112K
  class space    used 9629K, committed 9920K, reserved 1048576K
}
Event: 370016.181 GC heap before
{Heap before GC invocations=36490 (full 36447):
 garbage-first heap   total 403456K, used 119169K [0x00000000c0000000, 0x0000000100000000)
  region size 1024K, 1 young (1024K), 0 survivors (0K)
 Metaspace       used 70803K, committed 71616K, reserved 1114112K
  class space    used 9629K, committed 9920K, reserved 1048576K
}
Event: 370016.214 GC heap after
{Heap after GC invocations=36491 (full 36448):
 garbage-first heap   total 403456K, used 119169K [0x00000000c0000000, 0x0000000100000000)
  region size 1024K, 0 young (0K), 0 survivors (0K)
 Metaspace       used 70803K, committed 71616K, reserved 1114112K
  class space    used 9629K, committed 9920K, reserved 1048576K
}
Event: 370026.316 GC heap before
{Heap before GC invocations=36491 (full 36448):
 garbage-first heap   total 403456K, used 119169K [0x00000000c0000000, 0x0000000100000000)
  region size 1024K, 1 young (1024K), 0 survivors (0K)
 Metaspace       used 70803K, committed 71616K, reserved 1114112K
  class space    used 9629K, committed 9920K, reserved 1048576K
}
Event: 370026.349 GC heap after
{Heap after GC invocations=36492 (full 36449):
 garbage-first heap   total 403456K, used 119169K [0x00000000c0000000, 0x0000000100000000)
  region size 1024K, 0 young (0K), 0 survivors (0K)
 Metaspace       used 70803K, committed 71616K, reserved 1114112K
  class space    used 9629K, committed 9920K, reserved 1048576K
}
Event: 370036.459 GC heap before
{Heap before GC invocations=36492 (full 36449):
 garbage-first heap   total 403456K, used 119169K [0x00000000c0000000, 0x0000000100000000)
  region size 1024K, 1 young (1024K), 0 survivors (0K)
 Metaspace       used 70803K, committed 71616K, reserved 1114112K
  class space    used 9629K, committed 9920K, reserved 1048576K
}
Event: 370036.489 GC heap after
{Heap after GC invocations=36493 (full 36450):
 garbage-first heap   total 403456K, used 119169K [0x00000000c0000000, 0x0000000100000000)
  region size 1024K, 0 young (0K), 0 survivors (0K)
 Metaspace       used 70803K, committed 71616K, reserved 1114112K
  class space    used 9629K, committed 9920K, reserved 1048576K
}
Event: 370046.613 GC heap before
{Heap before GC invocations=36493 (full 36450):
 garbage-first heap   total 403456K, used 119169K [0x00000000c0000000, 0x0000000100000000)
  region size 1024K, 1 young (1024K), 0 survivors (0K)
 Metaspace       used 70803K, committed 71616K, reserved 1114112K
  class space    used 9629K, committed 9920K, reserved 1048576K
}
Event: 370046.644 GC heap after
{Heap after GC invocations=36494 (full 36451):
 garbage-first heap   total 403456K, used 119169K [0x00000000c0000000, 0x0000000100000000)
  region size 1024K, 0 young (0K), 0 survivors (0K)
 Metaspace       used 70803K, committed 71616K, reserved 1114112K
  class space    used 9629K, committed 9920K, reserved 1048576K
}
Event: 370056.774 GC heap before
{Heap before GC invocations=36494 (full 36451):
 garbage-first heap   total 403456K, used 119169K [0x00000000c0000000, 0x0000000100000000)
  region size 1024K, 1 young (1024K), 0 survivors (0K)
 Metaspace       used 70803K, committed 71616K, reserved 1114112K
  class space    used 9629K, committed 9920K, reserved 1048576K
}
Event: 370056.807 GC heap after
{Heap after GC invocations=36495 (full 36452):
 garbage-first heap   total 403456K, used 119169K [0x00000000c0000000, 0x0000000100000000)
  region size 1024K, 0 young (0K), 0 survivors (0K)
 Metaspace       used 70803K, committed 71616K, reserved 1114112K
  class space    used 9629K, committed 9920K, reserved 1048576K
}
Event: 370066.931 GC heap before
{Heap before GC invocations=36495 (full 36452):
 garbage-first heap   total 403456K, used 119169K [0x00000000c0000000, 0x0000000100000000)
  region size 1024K, 1 young (1024K), 0 survivors (0K)
 Metaspace       used 70803K, committed 71616K, reserved 1114112K
  class space    used 9629K, committed 9920K, reserved 1048576K
}
Event: 370066.962 GC heap after
{Heap after GC invocations=36496 (full 36453):
 garbage-first heap   total 403456K, used 119169K [0x00000000c0000000, 0x0000000100000000)
  region size 1024K, 0 young (0K), 0 survivors (0K)
 Metaspace       used 70803K, committed 71616K, reserved 1114112K
  class space    used 9629K, committed 9920K, reserved 1048576K
}

