# JRE version: OpenJDK Runtime Environment Temurin-17.0.6+10 (17.0.6+10) (build 17.0.6+10)
# Java VM: OpenJDK 64-Bit Server VM Temurin-17.0.6+10 (17.0.6+10, mixed mode, emulated-client, tiered, compressed oops, compressed class ptrs, g1 gc, windows-amd64)
GC Precious Log:
 CPUs: 12 total, 12 available
 Memory: 16239M
 Large Page Support: Disabled
 NUMA Support: Disabled
 Compressed Oops: Enabled (32-bit)
 Heap Region Size: 1M
 Heap Min Capacity: 8M
 Heap Initial Capacity: 254M
 Heap Max Capacity: 1G
 Pre-touch: Disabled
 Parallel Workers: 10
 Concurrent Workers: 3
 Concurrent Refinement Workers: 10
 Periodic GC: Disabled
Heap:
 garbage-first heap   total 48128K, used 14324K [0x00000000c0000000, 0x0000000100000000)
  region size 1024K, 1 young (1024K), 0 survivors (0K)
 Metaspace       used 34465K, committed 35008K, reserved 1081344K
  class space    used 4470K, committed 4672K, reserved 1048576K
GC Heap History (20 events):
Event: 411488.247 GC heap before
{Heap before GC invocations=40577 (full 40568):
 garbage-first heap   total 48128K, used 14324K [0x00000000c0000000, 0x0000000100000000)
  region size 1024K, 1 young (1024K), 0 survivors (0K)
 Metaspace       used 34465K, committed 35008K, reserved 1081344K
  class space    used 4470K, committed 4672K, reserved 1048576K
}
Event: 411488.257 GC heap after
{Heap after GC invocations=40578 (full 40569):
 garbage-first heap   total 48128K, used 14324K [0x00000000c0000000, 0x0000000100000000)
  region size 1024K, 0 young (0K), 0 survivors (0K)
 Metaspace       used 34465K, committed 35008K, reserved 1081344K
  class space    used 4470K, committed 4672K, reserved 1048576K
}
Event: 411498.371 GC heap before
{Heap before GC invocations=40578 (full 40569):
 garbage-first heap   total 48128K, used 14324K [0x00000000c0000000, 0x0000000100000000)
  region size 1024K, 1 young (1024K), 0 survivors (0K)
 Metaspace       used 34465K, committed 35008K, reserved 1081344K
  class space    used 4470K, committed 4672K, reserved 1048576K
}
Event: 411498.380 GC heap after
{Heap after GC invocations=40579 (full 40570):
 garbage-first heap   total 48128K, used 14324K [0x00000000c0000000, 0x0000000100000000)
  region size 1024K, 0 young (0K), 0 survivors (0K)
 Metaspace       used 34465K, committed 35008K, reserved 1081344K
  class space    used 4470K, committed 4672K, reserved 1048576K
}
Event: 411508.508 GC heap before
{Heap before GC invocations=40579 (full 40570):
 garbage-first heap   total 48128K, used 14324K [0x00000000c0000000, 0x0000000100000000)
  region size 1024K, 1 young (1024K), 0 survivors (0K)
 Metaspace       used 34465K, committed 35008K, reserved 1081344K
  class space    used 4470K, committed 4672K, reserved 1048576K
}
Event: 411508.517 GC heap after
{Heap after GC invocations=40580 (full 40571):
 garbage-first heap   total 48128K, used 14324K [0x00000000c0000000, 0x0000000100000000)
  region size 1024K, 0 young (0K), 0 survivors (0K)
 Metaspace       used 34465K, committed 35008K, reserved 1081344K
  class space    used 4470K, committed 4672K, reserved 1048576K
}
Event: 411518.661 GC heap before
{Heap before GC invocations=40580 (full 40571):
 garbage-first heap   total 48128K, used 14324K [0x00000000c0000000, 0x0000000100000000)
  region size 1024K, 1 young (1024K), 0 survivors (0K)
 Metaspace       used 34465K, committed 35008K, reserved 1081344K
  class space    used 4470K, committed 4672K, reserved 1048576K
}
Event: 411518.670 GC heap after
{Heap after GC invocations=40581 (full 40572):
 garbage-first heap   total 48128K, used 14324K [0x00000000c0000000, 0x0000000100000000)
  region size 1024K, 0 young (0K), 0 survivors (0K)
 Metaspace       used 34465K, committed 35008K, reserved 1081344K
  class space    used 4470K, committed 4672K, reserved 1048576K
}
Event: 411528.769 GC heap before
{Heap before GC invocations=40581 (full 40572):
 garbage-first heap   total 48128K, used 14324K [0x00000000c0000000, 0x0000000100000000)
  region size 1024K, 1 young (1024K), 0 survivors (0K)
 Metaspace       used 34465K, committed 35008K, reserved 1081344K
  class space    used 4470K, committed 4672K, reserved 1048576K
}
Event: 411528.779 GC heap after
{Heap after GC invocations=40582 (full 40573):
 garbage-first heap   total 48128K, used 14324K [0x00000000c0000000, 0x0000000100000000)
  region size 1024K, 0 young (0K), 0 survivors (0K)
 Metaspace       used 34465K, committed 35008K, reserved 1081344K
  class space    used 4470K, committed 4672K, reserved 1048576K
}
Event: 411538.883 GC heap before
{Heap before GC invocations=40582 (full 40573):
 garbage-first heap   total 48128K, used 14324K [0x00000000c0000000, 0x0000000100000000)
  region size 1024K, 1 young (1024K), 0 survivors (0K)
 Metaspace       used 34465K, committed 35008K, reserved 1081344K
  class space    used 4470K, committed 4672K, reserved 1048576K
}
Event: 411538.893 GC heap after
{Heap after GC invocations=40583 (full 40574):
 garbage-first heap   total 48128K, used 14324K [0x00000000c0000000, 0x0000000100000000)
  region size 1024K, 0 young (0K), 0 survivors (0K)
 Metaspace       used 34465K, committed 35008K, reserved 1081344K
  class space    used 4470K, committed 4672K, reserved 1048576K
}
Event: 411549.007 GC heap before
{Heap before GC invocations=40583 (full 40574):
 garbage-first heap   total 48128K, used 14324K [0x00000000c0000000, 0x0000000100000000)
  region size 1024K, 1 young (1024K), 0 survivors (0K)
 Metaspace       used 34465K, committed 35008K, reserved 1081344K
  class space    used 4470K, committed 4672K, reserved 1048576K
}
Event: 411549.016 GC heap after
{Heap after GC invocations=40584 (full 40575):
 garbage-first heap   total 48128K, used 14324K [0x00000000c0000000, 0x0000000100000000)
  region size 1024K, 0 young (0K), 0 survivors (0K)
 Metaspace       used 34465K, committed 35008K, reserved 1081344K
  class space    used 4470K, committed 4672K, reserved 1048576K
}
Event: 411559.136 GC heap before
{Heap before GC invocations=40584 (full 40575):
 garbage-first heap   total 48128K, used 14324K [0x00000000c0000000, 0x0000000100000000)
  region size 1024K, 1 young (1024K), 0 survivors (0K)
 Metaspace       used 34465K, committed 35008K, reserved 1081344K
  class space    used 4470K, committed 4672K, reserved 1048576K
}
Event: 411559.147 GC heap after
{Heap after GC invocations=40585 (full 40576):
 garbage-first heap   total 48128K, used 14324K [0x00000000c0000000, 0x0000000100000000)
  region size 1024K, 0 young (0K), 0 survivors (0K)
 Metaspace       used 34465K, committed 35008K, reserved 1081344K
  class space    used 4470K, committed 4672K, reserved 1048576K
}
Event: 411569.254 GC heap before
{Heap before GC invocations=40585 (full 40576):
 garbage-first heap   total 48128K, used 14324K [0x00000000c0000000, 0x0000000100000000)
  region size 1024K, 1 young (1024K), 0 survivors (0K)
 Metaspace       used 34465K, committed 35008K, reserved 1081344K
  class space    used 4470K, committed 4672K, reserved 1048576K
}
Event: 411569.263 GC heap after
{Heap after GC invocations=40586 (full 40577):
 garbage-first heap   total 48128K, used 14324K [0x00000000c0000000, 0x0000000100000000)
  region size 1024K, 0 young (0K), 0 survivors (0K)
 Metaspace       used 34465K, committed 35008K, reserved 1081344K
  class space    used 4470K, committed 4672K, reserved 1048576K
}
Event: 411579.357 GC heap before
{Heap before GC invocations=40586 (full 40577):
 garbage-first heap   total 48128K, used 14324K [0x00000000c0000000, 0x0000000100000000)
  region size 1024K, 1 young (1024K), 0 survivors (0K)
 Metaspace       used 34465K, committed 35008K, reserved 1081344K
  class space    used 4470K, committed 4672K, reserved 1048576K
}
Event: 411579.366 GC heap after
{Heap after GC invocations=40587 (full 40578):
 garbage-first heap   total 48128K, used 14324K [0x00000000c0000000, 0x0000000100000000)
  region size 1024K, 0 young (0K), 0 survivors (0K)
 Metaspace       used 34465K, committed 35008K, reserved 1081344K
  class space    used 4470K, committed 4672K, reserved 1048576K
}

