# JRE version: OpenJDK Runtime Environment Temurin-17.0.6+10 (17.0.6+10) (build 17.0.6+10)
# Java VM: OpenJDK 64-Bit Server VM Temurin-17.0.6+10 (17.0.6+10, mixed mode, emulated-client, tiered, compressed oops, compressed class ptrs, g1 gc, windows-amd64)
GC Precious Log:
 CPUs: 12 total, 12 available
 Memory: 16239M
 Large Page Support: Disabled
 NUMA Support: Disabled
 Compressed Oops: Enabled (32-bit)
 Heap Region Size: 1M
 Heap Min Capacity: 8M
 Heap Initial Capacity: 254M
 Heap Max Capacity: 1G
 Pre-touch: Disabled
 Parallel Workers: 10
 Concurrent Workers: 3
 Concurrent Refinement Workers: 10
 Periodic GC: Disabled
Heap:
 garbage-first heap   total 48128K, used 14414K [0x00000000c0000000, 0x0000000100000000)
  region size 1024K, 1 young (1024K), 0 survivors (0K)
 Metaspace       used 34464K, committed 35008K, reserved 1081344K
  class space    used 4469K, committed 4672K, reserved 1048576K
GC Heap History (20 events):
Event: 10060.683 GC heap before
{Heap before GC invocations=997 (full 988):
 garbage-first heap   total 48128K, used 14414K [0x00000000c0000000, 0x0000000100000000)
  region size 1024K, 1 young (1024K), 0 survivors (0K)
 Metaspace       used 34464K, committed 35008K, reserved 1081344K
  class space    used 4469K, committed 4672K, reserved 1048576K
}
Event: 10060.694 GC heap after
{Heap after GC invocations=998 (full 989):
 garbage-first heap   total 48128K, used 14414K [0x00000000c0000000, 0x0000000100000000)
  region size 1024K, 0 young (0K), 0 survivors (0K)
 Metaspace       used 34464K, committed 35008K, reserved 1081344K
  class space    used 4469K, committed 4672K, reserved 1048576K
}
Event: 10070.813 GC heap before
{Heap before GC invocations=998 (full 989):
 garbage-first heap   total 48128K, used 14414K [0x00000000c0000000, 0x0000000100000000)
  region size 1024K, 1 young (1024K), 0 survivors (0K)
 Metaspace       used 34464K, committed 35008K, reserved 1081344K
  class space    used 4469K, committed 4672K, reserved 1048576K
}
Event: 10070.824 GC heap after
{Heap after GC invocations=999 (full 990):
 garbage-first heap   total 48128K, used 14414K [0x00000000c0000000, 0x0000000100000000)
  region size 1024K, 0 young (0K), 0 survivors (0K)
 Metaspace       used 34464K, committed 35008K, reserved 1081344K
  class space    used 4469K, committed 4672K, reserved 1048576K
}
Event: 10080.951 GC heap before
{Heap before GC invocations=999 (full 990):
 garbage-first heap   total 48128K, used 14414K [0x00000000c0000000, 0x0000000100000000)
  region size 1024K, 1 young (1024K), 0 survivors (0K)
 Metaspace       used 34464K, committed 35008K, reserved 1081344K
  class space    used 4469K, committed 4672K, reserved 1048576K
}
Event: 10080.961 GC heap after
{Heap after GC invocations=1000 (full 991):
 garbage-first heap   total 48128K, used 14414K [0x00000000c0000000, 0x0000000100000000)
  region size 1024K, 0 young (0K), 0 survivors (0K)
 Metaspace       used 34464K, committed 35008K, reserved 1081344K
  class space    used 4469K, committed 4672K, reserved 1048576K
}
Event: 10091.079 GC heap before
{Heap before GC invocations=1000 (full 991):
 garbage-first heap   total 48128K, used 14414K [0x00000000c0000000, 0x0000000100000000)
  region size 1024K, 1 young (1024K), 0 survivors (0K)
 Metaspace       used 34464K, committed 35008K, reserved 1081344K
  class space    used 4469K, committed 4672K, reserved 1048576K
}
Event: 10091.090 GC heap after
{Heap after GC invocations=1001 (full 992):
 garbage-first heap   total 48128K, used 14414K [0x00000000c0000000, 0x0000000100000000)
  region size 1024K, 0 young (0K), 0 survivors (0K)
 Metaspace       used 34464K, committed 35008K, reserved 1081344K
  class space    used 4469K, committed 4672K, reserved 1048576K
}
Event: 10101.216 GC heap before
{Heap before GC invocations=1001 (full 992):
 garbage-first heap   total 48128K, used 14414K [0x00000000c0000000, 0x0000000100000000)
  region size 1024K, 1 young (1024K), 0 survivors (0K)
 Metaspace       used 34464K, committed 35008K, reserved 1081344K
  class space    used 4469K, committed 4672K, reserved 1048576K
}
Event: 10101.227 GC heap after
{Heap after GC invocations=1002 (full 993):
 garbage-first heap   total 48128K, used 14414K [0x00000000c0000000, 0x0000000100000000)
  region size 1024K, 0 young (0K), 0 survivors (0K)
 Metaspace       used 34464K, committed 35008K, reserved 1081344K
  class space    used 4469K, committed 4672K, reserved 1048576K
}
Event: 10111.352 GC heap before
{Heap before GC invocations=1002 (full 993):
 garbage-first heap   total 48128K, used 14414K [0x00000000c0000000, 0x0000000100000000)
  region size 1024K, 1 young (1024K), 0 survivors (0K)
 Metaspace       used 34464K, committed 35008K, reserved 1081344K
  class space    used 4469K, committed 4672K, reserved 1048576K
}
Event: 10111.363 GC heap after
{Heap after GC invocations=1003 (full 994):
 garbage-first heap   total 48128K, used 14414K [0x00000000c0000000, 0x0000000100000000)
  region size 1024K, 0 young (0K), 0 survivors (0K)
 Metaspace       used 34464K, committed 35008K, reserved 1081344K
  class space    used 4469K, committed 4672K, reserved 1048576K
}
Event: 10121.508 GC heap before
{Heap before GC invocations=1003 (full 994):
 garbage-first heap   total 48128K, used 14414K [0x00000000c0000000, 0x0000000100000000)
  region size 1024K, 1 young (1024K), 0 survivors (0K)
 Metaspace       used 34464K, committed 35008K, reserved 1081344K
  class space    used 4469K, committed 4672K, reserved 1048576K
}
Event: 10121.520 GC heap after
{Heap after GC invocations=1004 (full 995):
 garbage-first heap   total 48128K, used 14414K [0x00000000c0000000, 0x0000000100000000)
  region size 1024K, 0 young (0K), 0 survivors (0K)
 Metaspace       used 34464K, committed 35008K, reserved 1081344K
  class space    used 4469K, committed 4672K, reserved 1048576K
}
Event: 10131.670 GC heap before
{Heap before GC invocations=1004 (full 995):
 garbage-first heap   total 48128K, used 14414K [0x00000000c0000000, 0x0000000100000000)
  region size 1024K, 1 young (1024K), 0 survivors (0K)
 Metaspace       used 34464K, committed 35008K, reserved 1081344K
  class space    used 4469K, committed 4672K, reserved 1048576K
}
Event: 10131.680 GC heap after
{Heap after GC invocations=1005 (full 996):
 garbage-first heap   total 48128K, used 14414K [0x00000000c0000000, 0x0000000100000000)
  region size 1024K, 0 young (0K), 0 survivors (0K)
 Metaspace       used 34464K, committed 35008K, reserved 1081344K
  class space    used 4469K, committed 4672K, reserved 1048576K
}
Event: 10141.791 GC heap before
{Heap before GC invocations=1005 (full 996):
 garbage-first heap   total 48128K, used 14414K [0x00000000c0000000, 0x0000000100000000)
  region size 1024K, 1 young (1024K), 0 survivors (0K)
 Metaspace       used 34464K, committed 35008K, reserved 1081344K
  class space    used 4469K, committed 4672K, reserved 1048576K
}
Event: 10141.801 GC heap after
{Heap after GC invocations=1006 (full 997):
 garbage-first heap   total 48128K, used 14414K [0x00000000c0000000, 0x0000000100000000)
  region size 1024K, 0 young (0K), 0 survivors (0K)
 Metaspace       used 34464K, committed 35008K, reserved 1081344K
  class space    used 4469K, committed 4672K, reserved 1048576K
}
Event: 10151.933 GC heap before
{Heap before GC invocations=1006 (full 997):
 garbage-first heap   total 48128K, used 14414K [0x00000000c0000000, 0x0000000100000000)
  region size 1024K, 1 young (1024K), 0 survivors (0K)
 Metaspace       used 34464K, committed 35008K, reserved 1081344K
  class space    used 4469K, committed 4672K, reserved 1048576K
}
Event: 10151.942 GC heap after
{Heap after GC invocations=1007 (full 998):
 garbage-first heap   total 48128K, used 14414K [0x00000000c0000000, 0x0000000100000000)
  region size 1024K, 0 young (0K), 0 survivors (0K)
 Metaspace       used 34464K, committed 35008K, reserved 1081344K
  class space    used 4469K, committed 4672K, reserved 1048576K
}

