# JRE version: OpenJDK Runtime Environment Temurin-17.0.6+10 (17.0.6+10) (build 17.0.6+10)
# Java VM: OpenJDK 64-Bit Server VM Temurin-17.0.6+10 (17.0.6+10, mixed mode, emulated-client, tiered, compressed oops, compressed class ptrs, g1 gc, windows-amd64)
GC Precious Log:
 CPUs: 12 total, 12 available
 Memory: 16239M
 Large Page Support: Disabled
 NUMA Support: Disabled
 Compressed Oops: Enabled (32-bit)
 Heap Region Size: 1M
 Heap Min Capacity: 8M
 Heap Initial Capacity: 254M
 Heap Max Capacity: 1G
 Pre-touch: Disabled
 Parallel Workers: 10
 Concurrent Workers: 3
 Concurrent Refinement Workers: 10
 Periodic GC: Disabled
Heap:
 garbage-first heap   total 51200K, used 14372K [0x00000000c0000000, 0x0000000100000000)
  region size 1024K, 1 young (1024K), 0 survivors (0K)
 Metaspace       used 34464K, committed 35008K, reserved 1081344K
  class space    used 4468K, committed 4672K, reserved 1048576K
GC Heap History (20 events):
Event: 371906.257 GC heap before
{Heap before GC invocations=36718 (full 36709):
 garbage-first heap   total 51200K, used 14372K [0x00000000c0000000, 0x0000000100000000)
  region size 1024K, 1 young (1024K), 0 survivors (0K)
 Metaspace       used 34464K, committed 35008K, reserved 1081344K
  class space    used 4468K, committed 4672K, reserved 1048576K
}
Event: 371906.269 GC heap after
{Heap after GC invocations=36719 (full 36710):
 garbage-first heap   total 51200K, used 14372K [0x00000000c0000000, 0x0000000100000000)
  region size 1024K, 0 young (0K), 0 survivors (0K)
 Metaspace       used 34464K, committed 35008K, reserved 1081344K
  class space    used 4468K, committed 4672K, reserved 1048576K
}
Event: 371916.382 GC heap before
{Heap before GC invocations=36719 (full 36710):
 garbage-first heap   total 51200K, used 14372K [0x00000000c0000000, 0x0000000100000000)
  region size 1024K, 1 young (1024K), 0 survivors (0K)
 Metaspace       used 34464K, committed 35008K, reserved 1081344K
  class space    used 4468K, committed 4672K, reserved 1048576K
}
Event: 371916.393 GC heap after
{Heap after GC invocations=36720 (full 36711):
 garbage-first heap   total 51200K, used 14372K [0x00000000c0000000, 0x0000000100000000)
  region size 1024K, 0 young (0K), 0 survivors (0K)
 Metaspace       used 34464K, committed 35008K, reserved 1081344K
  class space    used 4468K, committed 4672K, reserved 1048576K
}
Event: 371926.491 GC heap before
{Heap before GC invocations=36720 (full 36711):
 garbage-first heap   total 51200K, used 14372K [0x00000000c0000000, 0x0000000100000000)
  region size 1024K, 1 young (1024K), 0 survivors (0K)
 Metaspace       used 34464K, committed 35008K, reserved 1081344K
  class space    used 4468K, committed 4672K, reserved 1048576K
}
Event: 371926.501 GC heap after
{Heap after GC invocations=36721 (full 36712):
 garbage-first heap   total 51200K, used 14372K [0x00000000c0000000, 0x0000000100000000)
  region size 1024K, 0 young (0K), 0 survivors (0K)
 Metaspace       used 34464K, committed 35008K, reserved 1081344K
  class space    used 4468K, committed 4672K, reserved 1048576K
}
Event: 371936.609 GC heap before
{Heap before GC invocations=36721 (full 36712):
 garbage-first heap   total 51200K, used 14372K [0x00000000c0000000, 0x0000000100000000)
  region size 1024K, 1 young (1024K), 0 survivors (0K)
 Metaspace       used 34464K, committed 35008K, reserved 1081344K
  class space    used 4468K, committed 4672K, reserved 1048576K
}
Event: 371936.618 GC heap after
{Heap after GC invocations=36722 (full 36713):
 garbage-first heap   total 51200K, used 14372K [0x00000000c0000000, 0x0000000100000000)
  region size 1024K, 0 young (0K), 0 survivors (0K)
 Metaspace       used 34464K, committed 35008K, reserved 1081344K
  class space    used 4468K, committed 4672K, reserved 1048576K
}
Event: 371946.719 GC heap before
{Heap before GC invocations=36722 (full 36713):
 garbage-first heap   total 51200K, used 14372K [0x00000000c0000000, 0x0000000100000000)
  region size 1024K, 1 young (1024K), 0 survivors (0K)
 Metaspace       used 34464K, committed 35008K, reserved 1081344K
  class space    used 4468K, committed 4672K, reserved 1048576K
}
Event: 371946.730 GC heap after
{Heap after GC invocations=36723 (full 36714):
 garbage-first heap   total 51200K, used 14372K [0x00000000c0000000, 0x0000000100000000)
  region size 1024K, 0 young (0K), 0 survivors (0K)
 Metaspace       used 34464K, committed 35008K, reserved 1081344K
  class space    used 4468K, committed 4672K, reserved 1048576K
}
Event: 371956.854 GC heap before
{Heap before GC invocations=36723 (full 36714):
 garbage-first heap   total 51200K, used 14372K [0x00000000c0000000, 0x0000000100000000)
  region size 1024K, 1 young (1024K), 0 survivors (0K)
 Metaspace       used 34464K, committed 35008K, reserved 1081344K
  class space    used 4468K, committed 4672K, reserved 1048576K
}
Event: 371956.866 GC heap after
{Heap after GC invocations=36724 (full 36715):
 garbage-first heap   total 51200K, used 14372K [0x00000000c0000000, 0x0000000100000000)
  region size 1024K, 0 young (0K), 0 survivors (0K)
 Metaspace       used 34464K, committed 35008K, reserved 1081344K
  class space    used 4468K, committed 4672K, reserved 1048576K
}
Event: 371966.972 GC heap before
{Heap before GC invocations=36724 (full 36715):
 garbage-first heap   total 51200K, used 14372K [0x00000000c0000000, 0x0000000100000000)
  region size 1024K, 1 young (1024K), 0 survivors (0K)
 Metaspace       used 34464K, committed 35008K, reserved 1081344K
  class space    used 4468K, committed 4672K, reserved 1048576K
}
Event: 371966.982 GC heap after
{Heap after GC invocations=36725 (full 36716):
 garbage-first heap   total 51200K, used 14372K [0x00000000c0000000, 0x0000000100000000)
  region size 1024K, 0 young (0K), 0 survivors (0K)
 Metaspace       used 34464K, committed 35008K, reserved 1081344K
  class space    used 4468K, committed 4672K, reserved 1048576K
}
Event: 371977.080 GC heap before
{Heap before GC invocations=36725 (full 36716):
 garbage-first heap   total 51200K, used 14372K [0x00000000c0000000, 0x0000000100000000)
  region size 1024K, 1 young (1024K), 0 survivors (0K)
 Metaspace       used 34464K, committed 35008K, reserved 1081344K
  class space    used 4468K, committed 4672K, reserved 1048576K
}
Event: 371977.093 GC heap after
{Heap after GC invocations=36726 (full 36717):
 garbage-first heap   total 51200K, used 14372K [0x00000000c0000000, 0x0000000100000000)
  region size 1024K, 0 young (0K), 0 survivors (0K)
 Metaspace       used 34464K, committed 35008K, reserved 1081344K
  class space    used 4468K, committed 4672K, reserved 1048576K
}
Event: 371987.203 GC heap before
{Heap before GC invocations=36726 (full 36717):
 garbage-first heap   total 51200K, used 14372K [0x00000000c0000000, 0x0000000100000000)
  region size 1024K, 1 young (1024K), 0 survivors (0K)
 Metaspace       used 34464K, committed 35008K, reserved 1081344K
  class space    used 4468K, committed 4672K, reserved 1048576K
}
Event: 371987.213 GC heap after
{Heap after GC invocations=36727 (full 36718):
 garbage-first heap   total 51200K, used 14372K [0x00000000c0000000, 0x0000000100000000)
  region size 1024K, 0 young (0K), 0 survivors (0K)
 Metaspace       used 34464K, committed 35008K, reserved 1081344K
  class space    used 4468K, committed 4672K, reserved 1048576K
}
Event: 371997.499 GC heap before
{Heap before GC invocations=36727 (full 36718):
 garbage-first heap   total 51200K, used 14372K [0x00000000c0000000, 0x0000000100000000)
  region size 1024K, 1 young (1024K), 0 survivors (0K)
 Metaspace       used 34464K, committed 35008K, reserved 1081344K
  class space    used 4468K, committed 4672K, reserved 1048576K
}
Event: 371997.514 GC heap after
{Heap after GC invocations=36728 (full 36719):
 garbage-first heap   total 51200K, used 14372K [0x00000000c0000000, 0x0000000100000000)
  region size 1024K, 0 young (0K), 0 survivors (0K)
 Metaspace       used 34464K, committed 35008K, reserved 1081344K
  class space    used 4468K, committed 4672K, reserved 1048576K
}

