# JRE version: OpenJDK Runtime Environment Temurin-17.0.6+10 (17.0.6+10) (build 17.0.6+10)
# Java VM: OpenJDK 64-Bit Server VM Temurin-17.0.6+10 (17.0.6+10, mixed mode, emulated-client, tiered, compressed oops, compressed class ptrs, g1 gc, windows-amd64)
GC Precious Log:
 CPUs: 12 total, 12 available
 Memory: 16239M
 Large Page Support: Disabled
 NUMA Support: Disabled
 Compressed Oops: Enabled (32-bit)
 Heap Region Size: 1M
 Heap Min Capacity: 8M
 Heap Initial Capacity: 254M
 Heap Max Capacity: 1G
 Pre-touch: Disabled
 Parallel Workers: 10
 Concurrent Workers: 3
 Concurrent Refinement Workers: 10
 Periodic GC: Disabled
Heap:
 garbage-first heap   total 406528K, used 167178K [0x00000000c0000000, 0x0000000100000000)
  region size 1024K, 1 young (1024K), 0 survivors (0K)
 Metaspace       used 72840K, committed 73408K, reserved 1114112K
  class space    used 10018K, committed 10304K, reserved 1048576K
GC Heap History (20 events):
Event: 1006983.293 GC heap before
{Heap before GC invocations=98351 (full 97310):
 garbage-first heap   total 406528K, used 167178K [0x00000000c0000000, 0x0000000100000000)
  region size 1024K, 1 young (1024K), 0 survivors (0K)
 Metaspace       used 72840K, committed 73408K, reserved 1114112K
  class space    used 10018K, committed 10304K, reserved 1048576K
}
Event: 1006983.362 GC heap after
{Heap after GC invocations=98352 (full 97311):
 garbage-first heap   total 406528K, used 167178K [0x00000000c0000000, 0x0000000100000000)
  region size 1024K, 0 young (0K), 0 survivors (0K)
 Metaspace       used 72840K, committed 73408K, reserved 1114112K
  class space    used 10018K, committed 10304K, reserved 1048576K
}
Event: 1006993.477 GC heap before
{Heap before GC invocations=98352 (full 97311):
 garbage-first heap   total 406528K, used 167178K [0x00000000c0000000, 0x0000000100000000)
  region size 1024K, 1 young (1024K), 0 survivors (0K)
 Metaspace       used 72840K, committed 73408K, reserved 1114112K
  class space    used 10018K, committed 10304K, reserved 1048576K
}
Event: 1006993.543 GC heap after
{Heap after GC invocations=98353 (full 97312):
 garbage-first heap   total 406528K, used 167178K [0x00000000c0000000, 0x0000000100000000)
  region size 1024K, 0 young (0K), 0 survivors (0K)
 Metaspace       used 72840K, committed 73408K, reserved 1114112K
  class space    used 10018K, committed 10304K, reserved 1048576K
}
Event: 1007003.651 GC heap before
{Heap before GC invocations=98353 (full 97312):
 garbage-first heap   total 406528K, used 167178K [0x00000000c0000000, 0x0000000100000000)
  region size 1024K, 1 young (1024K), 0 survivors (0K)
 Metaspace       used 72840K, committed 73408K, reserved 1114112K
  class space    used 10018K, committed 10304K, reserved 1048576K
}
Event: 1007003.721 GC heap after
{Heap after GC invocations=98354 (full 97313):
 garbage-first heap   total 406528K, used 167178K [0x00000000c0000000, 0x0000000100000000)
  region size 1024K, 0 young (0K), 0 survivors (0K)
 Metaspace       used 72840K, committed 73408K, reserved 1114112K
  class space    used 10018K, committed 10304K, reserved 1048576K
}
Event: 1007013.828 GC heap before
{Heap before GC invocations=98354 (full 97313):
 garbage-first heap   total 406528K, used 167178K [0x00000000c0000000, 0x0000000100000000)
  region size 1024K, 1 young (1024K), 0 survivors (0K)
 Metaspace       used 72840K, committed 73408K, reserved 1114112K
  class space    used 10018K, committed 10304K, reserved 1048576K
}
Event: 1007013.894 GC heap after
{Heap after GC invocations=98355 (full 97314):
 garbage-first heap   total 406528K, used 167178K [0x00000000c0000000, 0x0000000100000000)
  region size 1024K, 0 young (0K), 0 survivors (0K)
 Metaspace       used 72840K, committed 73408K, reserved 1114112K
  class space    used 10018K, committed 10304K, reserved 1048576K
}
Event: 1007024.001 GC heap before
{Heap before GC invocations=98355 (full 97314):
 garbage-first heap   total 406528K, used 167178K [0x00000000c0000000, 0x0000000100000000)
  region size 1024K, 1 young (1024K), 0 survivors (0K)
 Metaspace       used 72840K, committed 73408K, reserved 1114112K
  class space    used 10018K, committed 10304K, reserved 1048576K
}
Event: 1007024.069 GC heap after
{Heap after GC invocations=98356 (full 97315):
 garbage-first heap   total 406528K, used 167178K [0x00000000c0000000, 0x0000000100000000)
  region size 1024K, 0 young (0K), 0 survivors (0K)
 Metaspace       used 72840K, committed 73408K, reserved 1114112K
  class space    used 10018K, committed 10304K, reserved 1048576K
}
Event: 1007034.175 GC heap before
{Heap before GC invocations=98356 (full 97315):
 garbage-first heap   total 406528K, used 167178K [0x00000000c0000000, 0x0000000100000000)
  region size 1024K, 1 young (1024K), 0 survivors (0K)
 Metaspace       used 72840K, committed 73408K, reserved 1114112K
  class space    used 10018K, committed 10304K, reserved 1048576K
}
Event: 1007034.242 GC heap after
{Heap after GC invocations=98357 (full 97316):
 garbage-first heap   total 406528K, used 167178K [0x00000000c0000000, 0x0000000100000000)
  region size 1024K, 0 young (0K), 0 survivors (0K)
 Metaspace       used 72840K, committed 73408K, reserved 1114112K
  class space    used 10018K, committed 10304K, reserved 1048576K
}
Event: 1007044.343 GC heap before
{Heap before GC invocations=98357 (full 97316):
 garbage-first heap   total 406528K, used 167178K [0x00000000c0000000, 0x0000000100000000)
  region size 1024K, 1 young (1024K), 0 survivors (0K)
 Metaspace       used 72840K, committed 73408K, reserved 1114112K
  class space    used 10018K, committed 10304K, reserved 1048576K
}
Event: 1007044.412 GC heap after
{Heap after GC invocations=98358 (full 97317):
 garbage-first heap   total 406528K, used 167178K [0x00000000c0000000, 0x0000000100000000)
  region size 1024K, 0 young (0K), 0 survivors (0K)
 Metaspace       used 72840K, committed 73408K, reserved 1114112K
  class space    used 10018K, committed 10304K, reserved 1048576K
}
Event: 1007054.522 GC heap before
{Heap before GC invocations=98358 (full 97317):
 garbage-first heap   total 406528K, used 167178K [0x00000000c0000000, 0x0000000100000000)
  region size 1024K, 1 young (1024K), 0 survivors (0K)
 Metaspace       used 72840K, committed 73408K, reserved 1114112K
  class space    used 10018K, committed 10304K, reserved 1048576K
}
Event: 1007054.592 GC heap after
{Heap after GC invocations=98359 (full 97318):
 garbage-first heap   total 406528K, used 167178K [0x00000000c0000000, 0x0000000100000000)
  region size 1024K, 0 young (0K), 0 survivors (0K)
 Metaspace       used 72840K, committed 73408K, reserved 1114112K
  class space    used 10018K, committed 10304K, reserved 1048576K
}
Event: 1007064.711 GC heap before
{Heap before GC invocations=98359 (full 97318):
 garbage-first heap   total 406528K, used 167178K [0x00000000c0000000, 0x0000000100000000)
  region size 1024K, 1 young (1024K), 0 survivors (0K)
 Metaspace       used 72840K, committed 73408K, reserved 1114112K
  class space    used 10018K, committed 10304K, reserved 1048576K
}
Event: 1007064.780 GC heap after
{Heap after GC invocations=98360 (full 97319):
 garbage-first heap   total 406528K, used 167178K [0x00000000c0000000, 0x0000000100000000)
  region size 1024K, 0 young (0K), 0 survivors (0K)
 Metaspace       used 72840K, committed 73408K, reserved 1114112K
  class space    used 10018K, committed 10304K, reserved 1048576K
}
Event: 1007074.897 GC heap before
{Heap before GC invocations=98360 (full 97319):
 garbage-first heap   total 406528K, used 167178K [0x00000000c0000000, 0x0000000100000000)
  region size 1024K, 1 young (1024K), 0 survivors (0K)
 Metaspace       used 72840K, committed 73408K, reserved 1114112K
  class space    used 10018K, committed 10304K, reserved 1048576K
}
Event: 1007074.964 GC heap after
{Heap after GC invocations=98361 (full 97320):
 garbage-first heap   total 406528K, used 167178K [0x00000000c0000000, 0x0000000100000000)
  region size 1024K, 0 young (0K), 0 survivors (0K)
 Metaspace       used 72840K, committed 73408K, reserved 1114112K
  class space    used 10018K, committed 10304K, reserved 1048576K
}

